<?xml version="1.0" encoding="UTF-8"?>
<!-- Generated by org.testng.reporters.JUnitXMLReporter -->
<testsuite ignored="0" hostname="DESKTOP-8G7EKM6" failures="0" tests="4" name="Test" time="364.172" errors="0" timestamp="2024-07-30T11:38:38 IST">
  <testcase classname="test.CheckOut" name="CheckOutTest" time="75.278"/>
  <testcase classname="test.CheckOut" name="CheckOutTest" time="67.423"/>
  <testcase classname="test.CheckOut" name="CheckOutTest" time="70.395"/>
  <testcase classname="test.CheckOut" name="CheckOutTest" time="80.929"/>
</testsuite> <!-- Test -->
