<?xml version="1.0" encoding="UTF-8"?>
<testng-results ignored="0" total="4" passed="3" failed="1" skipped="0">
  <reporter-output>
  </reporter-output>
  <suite started-at="2024-07-31T11:07:21 IST" name="Suite" finished-at="2024-07-31T11:14:20 IST" duration-ms="418954">
    <groups>
    </groups>
    <test started-at="2024-07-31T11:07:21 IST" name="Test" finished-at="2024-07-31T11:14:20 IST" duration-ms="418954">
      <class name="test.TC008_CheckOut">
        <test-method is-config="true" signature="setUp()[pri:0, instance:test.TC008_CheckOut@1787f2a0]" started-at="2024-07-31T11:07:21 IST" name="setUp" finished-at="2024-07-31T11:07:21 IST" duration-ms="31" status="PASS">
          <reporter-output>
          </reporter-output>
        </test-method> <!-- setUp -->
        <test-method is-config="true" signature="LaunchBrowser(java.lang.String,java.lang.String)[pri:0, instance:test.TC008_CheckOut@1787f2a0]" started-at="2024-07-31T11:07:24 IST" name="LaunchBrowser" finished-at="2024-07-31T11:07:45 IST" duration-ms="21753" status="PASS">
          <params>
            <param index="0">
              <value>
                <![CDATA[Chrome]]>
              </value>
            </param>
            <param index="1">
              <value>
                <![CDATA[https://www.bestbuy.com/]]>
              </value>
            </param>
          </params>
          <reporter-output>
          </reporter-output>
        </test-method> <!-- LaunchBrowser -->
        <test-method signature="CheckOutTest(java.lang.String,java.lang.String,java.lang.String,java.lang.String,java.lang.String,java.lang.String,java.lang.String,java.lang.String,java.lang.String,java.lang.String,java.lang.String,java.lang.String,java.lang.String)[pri:0, instance:test.TC008_CheckOut@1787f2a0]" started-at="2024-07-31T11:07:45 IST" name="CheckOutTest" data-provider="Data" finished-at="2024-07-31T11:09:21 IST" duration-ms="95417" status="PASS">
          <params>
            <param index="0">
              <value>
                <![CDATA[supriyapalani28@gmail.com]]>
              </value>
            </param>
            <param index="1">
              <value>
                <![CDATA[9042281169]]>
              </value>
            </param>
            <param index="2">
              <value>
                <![CDATA[Valid]]>
              </value>
            </param>
            <param index="3">
              <value>
                <![CDATA[4242424242424240]]>
              </value>
            </param>
            <param index="4">
              <value>
                <![CDATA[0730]]>
              </value>
            </param>
            <param index="5">
              <value>
                <![CDATA[323]]>
              </value>
            </param>
            <param index="6">
              <value>
                <![CDATA[Supriya]]>
              </value>
            </param>
            <param index="7">
              <value>
                <![CDATA[Nethaji]]>
              </value>
            </param>
            <param index="8">
              <value>
                <![CDATA[1600 Amphitheatre Pkwy]]>
              </value>
            </param>
            <param index="9">
              <value>
                <![CDATA[Mountain View]]>
              </value>
            </param>
            <param index="10">
              <value>
                <![CDATA[CA]]>
              </value>
            </param>
            <param index="11">
              <value>
                <![CDATA[94043]]>
              </value>
            </param>
            <param index="12">
              <value>
                <![CDATA[valid]]>
              </value>
            </param>
          </params>
          <reporter-output>
          </reporter-output>
        </test-method> <!-- CheckOutTest -->
        <test-method is-config="true" signature="closeBrowser()[pri:0, instance:test.TC008_CheckOut@1787f2a0]" started-at="2024-07-31T11:09:21 IST" name="closeBrowser" finished-at="2024-07-31T11:09:28 IST" duration-ms="6605" status="PASS">
          <reporter-output>
          </reporter-output>
        </test-method> <!-- closeBrowser -->
        <test-method is-config="true" signature="LaunchBrowser(java.lang.String,java.lang.String)[pri:0, instance:test.TC008_CheckOut@1787f2a0]" started-at="2024-07-31T11:09:28 IST" name="LaunchBrowser" finished-at="2024-07-31T11:09:45 IST" duration-ms="17403" status="PASS">
          <params>
            <param index="0">
              <value>
                <![CDATA[Chrome]]>
              </value>
            </param>
            <param index="1">
              <value>
                <![CDATA[https://www.bestbuy.com/]]>
              </value>
            </param>
          </params>
          <reporter-output>
          </reporter-output>
        </test-method> <!-- LaunchBrowser -->
        <test-method signature="CheckOutTest(java.lang.String,java.lang.String,java.lang.String,java.lang.String,java.lang.String,java.lang.String,java.lang.String,java.lang.String,java.lang.String,java.lang.String,java.lang.String,java.lang.String,java.lang.String)[pri:0, instance:test.TC008_CheckOut@1787f2a0]" started-at="2024-07-31T11:09:45 IST" name="CheckOutTest" data-provider="Data" finished-at="2024-07-31T11:11:15 IST" duration-ms="89435" status="PASS">
          <params>
            <param index="0">
              <value>
                <![CDATA[su']]>
              </value>
            </param>
            <param index="1">
              <value>
                <![CDATA[9042281169]]>
              </value>
            </param>
            <param index="2">
              <value>
                <![CDATA[InvalidEmail]]>
              </value>
            </param>
            <param index="3">
              <value>
                <![CDATA[424242424242]]>
              </value>
            </param>
            <param index="4">
              <value>
                <![CDATA[0730]]>
              </value>
            </param>
            <param index="5">
              <value>
                <![CDATA[323]]>
              </value>
            </param>
            <param index="6">
              <value>
                <![CDATA[Supriya]]>
              </value>
            </param>
            <param index="7">
              <value>
                <![CDATA[Nethaji]]>
              </value>
            </param>
            <param index="8">
              <value>
                <![CDATA[1600 Amphitheatre Pkwy]]>
              </value>
            </param>
            <param index="9">
              <value>
                <![CDATA[Mountain View]]>
              </value>
            </param>
            <param index="10">
              <value>
                <![CDATA[CA]]>
              </value>
            </param>
            <param index="11">
              <value>
                <![CDATA[94043]]>
              </value>
            </param>
            <param index="12">
              <value>
                <![CDATA[InvalidCard]]>
              </value>
            </param>
          </params>
          <reporter-output>
          </reporter-output>
        </test-method> <!-- CheckOutTest -->
        <test-method is-config="true" signature="closeBrowser()[pri:0, instance:test.TC008_CheckOut@1787f2a0]" started-at="2024-07-31T11:11:15 IST" name="closeBrowser" finished-at="2024-07-31T11:11:22 IST" duration-ms="7027" status="PASS">
          <reporter-output>
          </reporter-output>
        </test-method> <!-- closeBrowser -->
        <test-method is-config="true" signature="LaunchBrowser(java.lang.String,java.lang.String)[pri:0, instance:test.TC008_CheckOut@1787f2a0]" started-at="2024-07-31T11:11:22 IST" name="LaunchBrowser" finished-at="2024-07-31T11:11:38 IST" duration-ms="15450" status="PASS">
          <params>
            <param index="0">
              <value>
                <![CDATA[Chrome]]>
              </value>
            </param>
            <param index="1">
              <value>
                <![CDATA[https://www.bestbuy.com/]]>
              </value>
            </param>
          </params>
          <reporter-output>
          </reporter-output>
        </test-method> <!-- LaunchBrowser -->
        <test-method signature="CheckOutTest(java.lang.String,java.lang.String,java.lang.String,java.lang.String,java.lang.String,java.lang.String,java.lang.String,java.lang.String,java.lang.String,java.lang.String,java.lang.String,java.lang.String,java.lang.String)[pri:0, instance:test.TC008_CheckOut@1787f2a0]" started-at="2024-07-31T11:11:38 IST" name="CheckOutTest" data-provider="Data" finished-at="2024-07-31T11:13:02 IST" duration-ms="84558" status="PASS">
          <params>
            <param index="0">
              <value>
                <![CDATA[,]]>
              </value>
            </param>
            <param index="1">
              <value>
                <![CDATA[,]]>
              </value>
            </param>
            <param index="2">
              <value>
                <![CDATA[InvalidData]]>
              </value>
            </param>
            <param index="3">
              <value>
                <![CDATA[4242424242424240]]>
              </value>
            </param>
            <param index="4">
              <value>
                <![CDATA[0723]]>
              </value>
            </param>
            <param index="5">
              <value>
                <![CDATA[0]]>
              </value>
            </param>
            <param index="6">
              <value>
                <![CDATA[Supriya]]>
              </value>
            </param>
            <param index="7">
              <value>
                <![CDATA[Nethaji]]>
              </value>
            </param>
            <param index="8">
              <value>
                <![CDATA[1600 Amphitheatre Pkwy]]>
              </value>
            </param>
            <param index="9">
              <value>
                <![CDATA[Mountain View]]>
              </value>
            </param>
            <param index="10">
              <value>
                <![CDATA[CA]]>
              </value>
            </param>
            <param index="11">
              <value>
                <![CDATA[94043]]>
              </value>
            </param>
            <param index="12">
              <value>
                <![CDATA[InvalidCvv]]>
              </value>
            </param>
          </params>
          <reporter-output>
          </reporter-output>
        </test-method> <!-- CheckOutTest -->
        <test-method is-config="true" signature="closeBrowser()[pri:0, instance:test.TC008_CheckOut@1787f2a0]" started-at="2024-07-31T11:13:03 IST" name="closeBrowser" finished-at="2024-07-31T11:13:10 IST" duration-ms="6756" status="PASS">
          <reporter-output>
          </reporter-output>
        </test-method> <!-- closeBrowser -->
        <test-method is-config="true" signature="LaunchBrowser(java.lang.String,java.lang.String)[pri:0, instance:test.TC008_CheckOut@1787f2a0]" started-at="2024-07-31T11:13:10 IST" name="LaunchBrowser" finished-at="2024-07-31T11:13:33 IST" duration-ms="22511" status="PASS">
          <params>
            <param index="0">
              <value>
                <![CDATA[Chrome]]>
              </value>
            </param>
            <param index="1">
              <value>
                <![CDATA[https://www.bestbuy.com/]]>
              </value>
            </param>
          </params>
          <reporter-output>
          </reporter-output>
        </test-method> <!-- LaunchBrowser -->
        <test-method signature="CheckOutTest(java.lang.String,java.lang.String,java.lang.String,java.lang.String,java.lang.String,java.lang.String,java.lang.String,java.lang.String,java.lang.String,java.lang.String,java.lang.String,java.lang.String,java.lang.String)[pri:0, instance:test.TC008_CheckOut@1787f2a0]" started-at="2024-07-31T11:13:33 IST" name="CheckOutTest" data-provider="Data" finished-at="2024-07-31T11:14:13 IST" duration-ms="40066" status="FAIL">
          <params>
            <param index="0">
              <value>
                <![CDATA[supriyapalani28@gmail.com]]>
              </value>
            </param>
            <param index="1">
              <value>
                <![CDATA[9564556]]>
              </value>
            </param>
            <param index="2">
              <value>
                <![CDATA[InvalidPhone]]>
              </value>
            </param>
            <param index="3">
              <value>
                <![CDATA[4242424242424240]]>
              </value>
            </param>
            <param index="4">
              <value>
                <![CDATA[0723]]>
              </value>
            </param>
            <param index="5">
              <value>
                <![CDATA[323]]>
              </value>
            </param>
            <param index="6">
              <value>
                <![CDATA[,]]>
              </value>
            </param>
            <param index="7">
              <value>
                <![CDATA[,]]>
              </value>
            </param>
            <param index="8">
              <value>
                <![CDATA[1600 Amphitheatre Pkwy]]>
              </value>
            </param>
            <param index="9">
              <value>
                <![CDATA[Mountain View]]>
              </value>
            </param>
            <param index="10">
              <value>
                <![CDATA[CA]]>
              </value>
            </param>
            <param index="11">
              <value>
                <![CDATA[94043]]>
              </value>
            </param>
            <param index="12">
              <value>
                <![CDATA[BlankFnameLname]]>
              </value>
            </param>
          </params>
          <exception class="org.openqa.selenium.ElementNotInteractableException">
            <message>
              <![CDATA[element not interactable
  (Session info: chrome=127.0.6533.73)
Build info: version: '4.21.0', revision: '79ed462ef4'
System info: os.name: 'Windows 10', os.arch: 'amd64', os.version: '10.0', java.version: '22.0.1'
Driver info: org.openqa.selenium.chrome.ChromeDriver
Command: [d0d4b8367fa94a908390cefe5ed9c2cd, clickElement {id=f.AB1392A805057DECF85AE0535F1577D6.d.88711760761EBB5A1D4AE5E8551C2318.e.67}]
Capabilities {acceptInsecureCerts: false, browserName: chrome, browserVersion: 127.0.6533.73, chrome: {chromedriverVersion: 127.0.6533.88 (a2d0cb026721..., userDataDir: C:\Users\USER\AppData\Local...}, fedcm:accounts: true, goog:chromeOptions: {debuggerAddress: localhost:53390}, networkConnectionEnabled: false, pageLoadStrategy: normal, platformName: windows, proxy: Proxy(), se:cdp: ws://localhost:53390/devtoo..., se:cdpVersion: 127.0.6533.73, setWindowRect: true, strictFileInteractability: false, timeouts: {implicit: 0, pageLoad: 300000, script: 30000}, unhandledPromptBehavior: dismiss and notify, webauthn:extension:credBlob: true, webauthn:extension:largeBlob: true, webauthn:extension:minPinLength: true, webauthn:extension:prf: true, webauthn:virtualAuthenticators: true}
Element: [[ChromeDriver: chrome on windows (d0d4b8367fa94a908390cefe5ed9c2cd)] -> xpath: //a[text()='Mirrorless Cameras']]
Session ID: d0d4b8367fa94a908390cefe5ed9c2cd]]>
            </message>
            <full-stacktrace>
              <![CDATA[org.openqa.selenium.ElementNotInteractableException: element not interactable
  (Session info: chrome=127.0.6533.73)
Build info: version: '4.21.0', revision: '79ed462ef4'
System info: os.name: 'Windows 10', os.arch: 'amd64', os.version: '10.0', java.version: '22.0.1'
Driver info: org.openqa.selenium.chrome.ChromeDriver
Command: [d0d4b8367fa94a908390cefe5ed9c2cd, clickElement {id=f.AB1392A805057DECF85AE0535F1577D6.d.88711760761EBB5A1D4AE5E8551C2318.e.67}]
Capabilities {acceptInsecureCerts: false, browserName: chrome, browserVersion: 127.0.6533.73, chrome: {chromedriverVersion: 127.0.6533.88 (a2d0cb026721..., userDataDir: C:\Users\USER\AppData\Local...}, fedcm:accounts: true, goog:chromeOptions: {debuggerAddress: localhost:53390}, networkConnectionEnabled: false, pageLoadStrategy: normal, platformName: windows, proxy: Proxy(), se:cdp: ws://localhost:53390/devtoo..., se:cdpVersion: 127.0.6533.73, setWindowRect: true, strictFileInteractability: false, timeouts: {implicit: 0, pageLoad: 300000, script: 30000}, unhandledPromptBehavior: dismiss and notify, webauthn:extension:credBlob: true, webauthn:extension:largeBlob: true, webauthn:extension:minPinLength: true, webauthn:extension:prf: true, webauthn:virtualAuthenticators: true}
Element: [[ChromeDriver: chrome on windows (d0d4b8367fa94a908390cefe5ed9c2cd)] -> xpath: //a[text()='Mirrorless Cameras']]
Session ID: d0d4b8367fa94a908390cefe5ed9c2cd
at java.base/jdk.internal.reflect.DirectConstructorHandleAccessor.newInstance(DirectConstructorHandleAccessor.java:62)
at java.base/java.lang.reflect.Constructor.newInstanceWithCaller(Constructor.java:502)
at java.base/java.lang.reflect.Constructor.newInstance(Constructor.java:486)
at org.openqa.selenium.remote.ErrorCodec.decode(ErrorCodec.java:167)
at org.openqa.selenium.remote.codec.w3c.W3CHttpResponseCodec.decode(W3CHttpResponseCodec.java:138)
at org.openqa.selenium.remote.codec.w3c.W3CHttpResponseCodec.decode(W3CHttpResponseCodec.java:50)
at org.openqa.selenium.remote.HttpCommandExecutor.execute(HttpCommandExecutor.java:190)
at org.openqa.selenium.remote.service.DriverCommandExecutor.invokeExecute(DriverCommandExecutor.java:216)
at org.openqa.selenium.remote.service.DriverCommandExecutor.execute(DriverCommandExecutor.java:174)
at org.openqa.selenium.remote.RemoteWebDriver.execute(RemoteWebDriver.java:518)
at org.openqa.selenium.remote.RemoteWebElement.execute(RemoteWebElement.java:223)
at org.openqa.selenium.remote.RemoteWebElement.click(RemoteWebElement.java:76)
at java.base/jdk.internal.reflect.DirectMethodHandleAccessor.invoke(DirectMethodHandleAccessor.java:103)
at java.base/java.lang.reflect.Method.invoke(Method.java:580)
at org.openqa.selenium.support.pagefactory.internal.LocatingElementHandler.invoke(LocatingElementHandler.java:51)
at jdk.proxy2/jdk.proxy2.$Proxy17.click(Unknown Source)
at pages.SonyPage.clickMirrorlessCameras(SonyPage.java:39)
at test.TC008_CheckOut.CheckOutTest(TC008_CheckOut.java:36)
at java.base/jdk.internal.reflect.DirectMethodHandleAccessor.invoke(DirectMethodHandleAccessor.java:103)
at java.base/java.lang.reflect.Method.invoke(Method.java:580)
at org.testng.internal.invokers.MethodInvocationHelper.invokeMethod(MethodInvocationHelper.java:139)
at org.testng.internal.invokers.TestInvoker.invokeMethod(TestInvoker.java:664)
at org.testng.internal.invokers.TestInvoker.invokeTestMethod(TestInvoker.java:227)
at org.testng.internal.invokers.MethodRunner.runInSequence(MethodRunner.java:50)
at org.testng.internal.invokers.TestInvoker$MethodInvocationAgent.invoke(TestInvoker.java:957)
at org.testng.internal.invokers.TestInvoker.invokeTestMethods(TestInvoker.java:200)
at org.testng.internal.invokers.TestMethodWorker.invokeTestMethods(TestMethodWorker.java:148)
at org.testng.internal.invokers.TestMethodWorker.run(TestMethodWorker.java:128)
at java.base/java.util.ArrayList.forEach(ArrayList.java:1597)
at org.testng.TestRunner.privateRun(TestRunner.java:848)
at org.testng.TestRunner.run(TestRunner.java:621)
at org.testng.SuiteRunner.runTest(SuiteRunner.java:443)
at org.testng.SuiteRunner.runSequentially(SuiteRunner.java:437)
at org.testng.SuiteRunner.privateRun(SuiteRunner.java:397)
at org.testng.SuiteRunner.run(SuiteRunner.java:336)
at org.testng.SuiteRunnerWorker.runSuite(SuiteRunnerWorker.java:52)
at org.testng.SuiteRunnerWorker.run(SuiteRunnerWorker.java:95)
at org.testng.TestNG.runSuitesSequentially(TestNG.java:1280)
at org.testng.TestNG.runSuitesLocally(TestNG.java:1200)
at org.testng.TestNG.runSuites(TestNG.java:1114)
at org.testng.TestNG.run(TestNG.java:1082)
at org.testng.remote.AbstractRemoteTestNG.run(AbstractRemoteTestNG.java:115)
at org.testng.remote.RemoteTestNG.initAndRun(RemoteTestNG.java:293)
at org.testng.remote.RemoteTestNG.main(RemoteTestNG.java:91)
]]>
            </full-stacktrace>
          </exception> <!-- org.openqa.selenium.ElementNotInteractableException -->
          <reporter-output>
          </reporter-output>
        </test-method> <!-- CheckOutTest -->
        <test-method is-config="true" signature="closeBrowser()[pri:0, instance:test.TC008_CheckOut@1787f2a0]" started-at="2024-07-31T11:14:13 IST" name="closeBrowser" finished-at="2024-07-31T11:14:20 IST" duration-ms="6501" status="PASS">
          <reporter-output>
          </reporter-output>
        </test-method> <!-- closeBrowser -->
      </class> <!-- test.TC008_CheckOut -->
    </test> <!-- Test -->
  </suite> <!-- Suite -->
</testng-results>
